INFO - 2024-02-26 03:53:44 --> Session: Class initialized using 'CodeIgniter\Session\Handlers\FileHandler' driver.
INFO - 2024-02-26 03:53:44 --> Session: Class initialized using 'CodeIgniter\Session\Handlers\FileHandler' driver.
INFO - 2024-02-26 03:54:44 --> Session: Class initialized using 'CodeIgniter\Session\Handlers\FileHandler' driver.
INFO - 2024-02-26 03:54:47 --> Session: Class initialized using 'CodeIgniter\Session\Handlers\FileHandler' driver.
ERROR - 2024-02-26 03:54:52 --> Error connecting to the database: mysqli_sql_exception: No connection could be made because the target machine actively refused it in C:\xampp\htdocs\rdjblog\vendor\codeigniter4\framework\system\Database\MySQLi\Connection.php:184
Stack trace:
#0 C:\xampp\htdocs\rdjblog\vendor\codeigniter4\framework\system\Database\MySQLi\Connection.php(184): mysqli->real_connect('localhost', 'root', Object(SensitiveParameterValue), 'rdjblog', 3306, '', 0)
#1 C:\xampp\htdocs\rdjblog\vendor\codeigniter4\framework\system\Database\BaseConnection.php(392): CodeIgniter\Database\MySQLi\Connection->connect(false)
#2 C:\xampp\htdocs\rdjblog\vendor\codeigniter4\framework\system\Database\BaseConnection.php(575): CodeIgniter\Database\BaseConnection->initialize()
#3 C:\xampp\htdocs\rdjblog\vendor\codeigniter4\framework\system\Database\BaseBuilder.php(1613): CodeIgniter\Database\BaseConnection->query('SELECT 1\nFROM `...', Array, false)
#4 C:\xampp\htdocs\rdjblog\vendor\codeigniter4\framework\system\Validation\StrictRules\Rules.php(167): CodeIgniter\Database\BaseBuilder->get()
#5 C:\xampp\htdocs\rdjblog\vendor\codeigniter4\framework\system\Validation\Validation.php(328): CodeIgniter\Validation\StrictRules\Rules->is_not_unique('a', 'username', Array, NULL, 'login_id')
#6 C:\xampp\htdocs\rdjblog\vendor\codeigniter4\framework\system\Validation\Validation.php(200): CodeIgniter\Validation\Validation->processRules('login_id', 'login_id', 'a', Array, Array)
#7 C:\xampp\htdocs\rdjblog\vendor\codeigniter4\framework\system\Controller.php(152): CodeIgniter\Validation\Validation->run()
#8 C:\xampp\htdocs\rdjblog\app\Controllers\AuthController.php(48): CodeIgniter\Controller->validate(Array)
#9 C:\xampp\htdocs\rdjblog\vendor\codeigniter4\framework\system\CodeIgniter.php(941): App\Controllers\AuthController->loginHandler()
#10 C:\xampp\htdocs\rdjblog\vendor\codeigniter4\framework\system\CodeIgniter.php(502): CodeIgniter\CodeIgniter->runController(Object(App\Controllers\AuthController))
#11 C:\xampp\htdocs\rdjblog\vendor\codeigniter4\framework\system\CodeIgniter.php(361): CodeIgniter\CodeIgniter->handleRequest(NULL, Object(Config\Cache), false)
#12 C:\xampp\htdocs\rdjblog\public\index.php(79): CodeIgniter\CodeIgniter->run()
#13 {main}

Next CodeIgniter\Database\Exceptions\DatabaseException: No connection could be made because the target machine actively refused it in C:\xampp\htdocs\rdjblog\vendor\codeigniter4\framework\system\Database\MySQLi\Connection.php:229
Stack trace:
#0 C:\xampp\htdocs\rdjblog\vendor\codeigniter4\framework\system\Database\BaseConnection.php(392): CodeIgniter\Database\MySQLi\Connection->connect(false)
#1 C:\xampp\htdocs\rdjblog\vendor\codeigniter4\framework\system\Database\BaseConnection.php(575): CodeIgniter\Database\BaseConnection->initialize()
#2 C:\xampp\htdocs\rdjblog\vendor\codeigniter4\framework\system\Database\BaseBuilder.php(1613): CodeIgniter\Database\BaseConnection->query('SELECT 1\nFROM `...', Array, false)
#3 C:\xampp\htdocs\rdjblog\vendor\codeigniter4\framework\system\Validation\StrictRules\Rules.php(167): CodeIgniter\Database\BaseBuilder->get()
#4 C:\xampp\htdocs\rdjblog\vendor\codeigniter4\framework\system\Validation\Validation.php(328): CodeIgniter\Validation\StrictRules\Rules->is_not_unique('a', 'username', Array, NULL, 'login_id')
#5 C:\xampp\htdocs\rdjblog\vendor\codeigniter4\framework\system\Validation\Validation.php(200): CodeIgniter\Validation\Validation->processRules('login_id', 'login_id', 'a', Array, Array)
#6 C:\xampp\htdocs\rdjblog\vendor\codeigniter4\framework\system\Controller.php(152): CodeIgniter\Validation\Validation->run()
#7 C:\xampp\htdocs\rdjblog\app\Controllers\AuthController.php(48): CodeIgniter\Controller->validate(Array)
#8 C:\xampp\htdocs\rdjblog\vendor\codeigniter4\framework\system\CodeIgniter.php(941): App\Controllers\AuthController->loginHandler()
#9 C:\xampp\htdocs\rdjblog\vendor\codeigniter4\framework\system\CodeIgniter.php(502): CodeIgniter\CodeIgniter->runController(Object(App\Controllers\AuthController))
#10 C:\xampp\htdocs\rdjblog\vendor\codeigniter4\framework\system\CodeIgniter.php(361): CodeIgniter\CodeIgniter->handleRequest(NULL, Object(Config\Cache), false)
#11 C:\xampp\htdocs\rdjblog\public\index.php(79): CodeIgniter\CodeIgniter->run()
#12 {main}
CRITICAL - 2024-02-26 03:54:52 --> CodeIgniter\Database\Exceptions\DatabaseException: Unable to connect to the database.
Main connection [MySQLi]: No connection could be made because the target machine actively refused it
in SYSTEMPATH\Database\BaseConnection.php on line 428.
 1 SYSTEMPATH\Database\BaseConnection.php(575): CodeIgniter\Database\BaseConnection->initialize()
 2 SYSTEMPATH\Database\BaseBuilder.php(1613): CodeIgniter\Database\BaseConnection->query('SELECT 1
FROM `users`
WHERE `username` = :username:
 LIMIT 1', [...], false)
 3 SYSTEMPATH\Validation\StrictRules\Rules.php(167): CodeIgniter\Database\BaseBuilder->get()
 4 SYSTEMPATH\Validation\Validation.php(328): CodeIgniter\Validation\StrictRules\Rules->is_not_unique('a', 'username', [...], null, 'login_id')
 5 SYSTEMPATH\Validation\Validation.php(200): CodeIgniter\Validation\Validation->processRules('login_id', 'login_id', 'a', [...], [...])
 6 SYSTEMPATH\Controller.php(152): CodeIgniter\Validation\Validation->run()
 7 APPPATH\Controllers\AuthController.php(48): CodeIgniter\Controller->validate([...])
 8 SYSTEMPATH\CodeIgniter.php(941): App\Controllers\AuthController->loginHandler()
 9 SYSTEMPATH\CodeIgniter.php(502): CodeIgniter\CodeIgniter->runController(Object(App\Controllers\AuthController))
10 SYSTEMPATH\CodeIgniter.php(361): CodeIgniter\CodeIgniter->handleRequest(null, Object(Config\Cache), false)
11 FCPATH\index.php(79): CodeIgniter\CodeIgniter->run()
INFO - 2024-02-26 05:04:22 --> Session: Class initialized using 'CodeIgniter\Session\Handlers\FileHandler' driver.
ERROR - 2024-02-26 05:04:26 --> Error connecting to the database: mysqli_sql_exception: No connection could be made because the target machine actively refused it in C:\xampp\htdocs\rdjblog\vendor\codeigniter4\framework\system\Database\MySQLi\Connection.php:184
Stack trace:
#0 C:\xampp\htdocs\rdjblog\vendor\codeigniter4\framework\system\Database\MySQLi\Connection.php(184): mysqli->real_connect('localhost', 'root', Object(SensitiveParameterValue), 'rdjblog', 3306, '', 0)
#1 C:\xampp\htdocs\rdjblog\vendor\codeigniter4\framework\system\Database\BaseConnection.php(392): CodeIgniter\Database\MySQLi\Connection->connect(false)
#2 C:\xampp\htdocs\rdjblog\vendor\codeigniter4\framework\system\Database\BaseConnection.php(575): CodeIgniter\Database\BaseConnection->initialize()
#3 C:\xampp\htdocs\rdjblog\vendor\codeigniter4\framework\system\Database\BaseBuilder.php(1613): CodeIgniter\Database\BaseConnection->query('SELECT 1\nFROM `...', Array, false)
#4 C:\xampp\htdocs\rdjblog\vendor\codeigniter4\framework\system\Validation\StrictRules\Rules.php(167): CodeIgniter\Database\BaseBuilder->get()
#5 C:\xampp\htdocs\rdjblog\vendor\codeigniter4\framework\system\Validation\Validation.php(328): CodeIgniter\Validation\StrictRules\Rules->is_not_unique('a', 'username', Array, NULL, 'login_id')
#6 C:\xampp\htdocs\rdjblog\vendor\codeigniter4\framework\system\Validation\Validation.php(200): CodeIgniter\Validation\Validation->processRules('login_id', 'login_id', 'a', Array, Array)
#7 C:\xampp\htdocs\rdjblog\vendor\codeigniter4\framework\system\Controller.php(152): CodeIgniter\Validation\Validation->run()
#8 C:\xampp\htdocs\rdjblog\app\Controllers\AuthController.php(48): CodeIgniter\Controller->validate(Array)
#9 C:\xampp\htdocs\rdjblog\vendor\codeigniter4\framework\system\CodeIgniter.php(941): App\Controllers\AuthController->loginHandler()
#10 C:\xampp\htdocs\rdjblog\vendor\codeigniter4\framework\system\CodeIgniter.php(502): CodeIgniter\CodeIgniter->runController(Object(App\Controllers\AuthController))
#11 C:\xampp\htdocs\rdjblog\vendor\codeigniter4\framework\system\CodeIgniter.php(361): CodeIgniter\CodeIgniter->handleRequest(NULL, Object(Config\Cache), false)
#12 C:\xampp\htdocs\rdjblog\public\index.php(79): CodeIgniter\CodeIgniter->run()
#13 {main}

Next CodeIgniter\Database\Exceptions\DatabaseException: No connection could be made because the target machine actively refused it in C:\xampp\htdocs\rdjblog\vendor\codeigniter4\framework\system\Database\MySQLi\Connection.php:229
Stack trace:
#0 C:\xampp\htdocs\rdjblog\vendor\codeigniter4\framework\system\Database\BaseConnection.php(392): CodeIgniter\Database\MySQLi\Connection->connect(false)
#1 C:\xampp\htdocs\rdjblog\vendor\codeigniter4\framework\system\Database\BaseConnection.php(575): CodeIgniter\Database\BaseConnection->initialize()
#2 C:\xampp\htdocs\rdjblog\vendor\codeigniter4\framework\system\Database\BaseBuilder.php(1613): CodeIgniter\Database\BaseConnection->query('SELECT 1\nFROM `...', Array, false)
#3 C:\xampp\htdocs\rdjblog\vendor\codeigniter4\framework\system\Validation\StrictRules\Rules.php(167): CodeIgniter\Database\BaseBuilder->get()
#4 C:\xampp\htdocs\rdjblog\vendor\codeigniter4\framework\system\Validation\Validation.php(328): CodeIgniter\Validation\StrictRules\Rules->is_not_unique('a', 'username', Array, NULL, 'login_id')
#5 C:\xampp\htdocs\rdjblog\vendor\codeigniter4\framework\system\Validation\Validation.php(200): CodeIgniter\Validation\Validation->processRules('login_id', 'login_id', 'a', Array, Array)
#6 C:\xampp\htdocs\rdjblog\vendor\codeigniter4\framework\system\Controller.php(152): CodeIgniter\Validation\Validation->run()
#7 C:\xampp\htdocs\rdjblog\app\Controllers\AuthController.php(48): CodeIgniter\Controller->validate(Array)
#8 C:\xampp\htdocs\rdjblog\vendor\codeigniter4\framework\system\CodeIgniter.php(941): App\Controllers\AuthController->loginHandler()
#9 C:\xampp\htdocs\rdjblog\vendor\codeigniter4\framework\system\CodeIgniter.php(502): CodeIgniter\CodeIgniter->runController(Object(App\Controllers\AuthController))
#10 C:\xampp\htdocs\rdjblog\vendor\codeigniter4\framework\system\CodeIgniter.php(361): CodeIgniter\CodeIgniter->handleRequest(NULL, Object(Config\Cache), false)
#11 C:\xampp\htdocs\rdjblog\public\index.php(79): CodeIgniter\CodeIgniter->run()
#12 {main}
CRITICAL - 2024-02-26 05:04:26 --> CodeIgniter\Database\Exceptions\DatabaseException: Unable to connect to the database.
Main connection [MySQLi]: No connection could be made because the target machine actively refused it
in SYSTEMPATH\Database\BaseConnection.php on line 428.
 1 SYSTEMPATH\Database\BaseConnection.php(575): CodeIgniter\Database\BaseConnection->initialize()
 2 SYSTEMPATH\Database\BaseBuilder.php(1613): CodeIgniter\Database\BaseConnection->query('SELECT 1
FROM `users`
WHERE `username` = :username:
 LIMIT 1', [...], false)
 3 SYSTEMPATH\Validation\StrictRules\Rules.php(167): CodeIgniter\Database\BaseBuilder->get()
 4 SYSTEMPATH\Validation\Validation.php(328): CodeIgniter\Validation\StrictRules\Rules->is_not_unique('a', 'username', [...], null, 'login_id')
 5 SYSTEMPATH\Validation\Validation.php(200): CodeIgniter\Validation\Validation->processRules('login_id', 'login_id', 'a', [...], [...])
 6 SYSTEMPATH\Controller.php(152): CodeIgniter\Validation\Validation->run()
 7 APPPATH\Controllers\AuthController.php(48): CodeIgniter\Controller->validate([...])
 8 SYSTEMPATH\CodeIgniter.php(941): App\Controllers\AuthController->loginHandler()
 9 SYSTEMPATH\CodeIgniter.php(502): CodeIgniter\CodeIgniter->runController(Object(App\Controllers\AuthController))
10 SYSTEMPATH\CodeIgniter.php(361): CodeIgniter\CodeIgniter->handleRequest(null, Object(Config\Cache), false)
11 FCPATH\index.php(79): CodeIgniter\CodeIgniter->run()
INFO - 2024-02-26 05:04:32 --> Session: Class initialized using 'CodeIgniter\Session\Handlers\FileHandler' driver.
INFO - 2024-02-26 05:04:33 --> Session: Class initialized using 'CodeIgniter\Session\Handlers\FileHandler' driver.
INFO - 2024-02-26 05:04:37 --> Session: Class initialized using 'CodeIgniter\Session\Handlers\FileHandler' driver.
INFO - 2024-02-26 05:04:38 --> Session: Class initialized using 'CodeIgniter\Session\Handlers\FileHandler' driver.
INFO - 2024-02-26 05:04:42 --> Session: Class initialized using 'CodeIgniter\Session\Handlers\FileHandler' driver.
INFO - 2024-02-26 05:04:46 --> Session: Class initialized using 'CodeIgniter\Session\Handlers\FileHandler' driver.
INFO - 2024-02-26 05:04:48 --> Session: Class initialized using 'CodeIgniter\Session\Handlers\FileHandler' driver.
INFO - 2024-02-26 05:04:52 --> Session: Class initialized using 'CodeIgniter\Session\Handlers\FileHandler' driver.
INFO - 2024-02-26 05:04:58 --> Session: Class initialized using 'CodeIgniter\Session\Handlers\FileHandler' driver.
INFO - 2024-02-26 05:05:02 --> Session: Class initialized using 'CodeIgniter\Session\Handlers\FileHandler' driver.
INFO - 2024-02-26 05:05:08 --> Session: Class initialized using 'CodeIgniter\Session\Handlers\FileHandler' driver.
INFO - 2024-02-26 05:05:12 --> Session: Class initialized using 'CodeIgniter\Session\Handlers\FileHandler' driver.
INFO - 2024-02-26 05:07:52 --> Session: Class initialized using 'CodeIgniter\Session\Handlers\FileHandler' driver.
INFO - 2024-02-26 05:07:54 --> Session: Class initialized using 'CodeIgniter\Session\Handlers\FileHandler' driver.
INFO - 2024-02-26 05:07:55 --> Session: Class initialized using 'CodeIgniter\Session\Handlers\FileHandler' driver.
INFO - 2024-02-26 05:07:55 --> Session: Class initialized using 'CodeIgniter\Session\Handlers\FileHandler' driver.
INFO - 2024-02-26 05:07:59 --> Session: Class initialized using 'CodeIgniter\Session\Handlers\FileHandler' driver.
INFO - 2024-02-26 05:09:01 --> Session: Class initialized using 'CodeIgniter\Session\Handlers\FileHandler' driver.
INFO - 2024-02-26 05:09:02 --> Session: Class initialized using 'CodeIgniter\Session\Handlers\FileHandler' driver.
INFO - 2024-02-26 05:09:06 --> Session: Class initialized using 'CodeIgniter\Session\Handlers\FileHandler' driver.
INFO - 2024-02-26 05:09:18 --> Session: Class initialized using 'CodeIgniter\Session\Handlers\FileHandler' driver.
INFO - 2024-02-26 05:09:18 --> Session: Class initialized using 'CodeIgniter\Session\Handlers\FileHandler' driver.
INFO - 2024-02-26 05:09:22 --> Session: Class initialized using 'CodeIgniter\Session\Handlers\FileHandler' driver.
INFO - 2024-02-26 05:09:26 --> Session: Class initialized using 'CodeIgniter\Session\Handlers\FileHandler' driver.
INFO - 2024-02-26 05:09:27 --> Session: Class initialized using 'CodeIgniter\Session\Handlers\FileHandler' driver.
INFO - 2024-02-26 05:09:31 --> Session: Class initialized using 'CodeIgniter\Session\Handlers\FileHandler' driver.
INFO - 2024-02-26 05:09:48 --> Session: Class initialized using 'CodeIgniter\Session\Handlers\FileHandler' driver.
ERROR - 2024-02-26 05:09:52 --> Error connecting to the database: mysqli_sql_exception: No connection could be made because the target machine actively refused it in C:\xampp\htdocs\rdjblog\vendor\codeigniter4\framework\system\Database\MySQLi\Connection.php:184
Stack trace:
#0 C:\xampp\htdocs\rdjblog\vendor\codeigniter4\framework\system\Database\MySQLi\Connection.php(184): mysqli->real_connect('localhost', 'root', Object(SensitiveParameterValue), 'rdjblog', 3307, '', 0)
#1 C:\xampp\htdocs\rdjblog\vendor\codeigniter4\framework\system\Database\BaseConnection.php(392): CodeIgniter\Database\MySQLi\Connection->connect(false)
#2 C:\xampp\htdocs\rdjblog\vendor\codeigniter4\framework\system\Database\BaseConnection.php(575): CodeIgniter\Database\BaseConnection->initialize()
#3 C:\xampp\htdocs\rdjblog\vendor\codeigniter4\framework\system\Database\BaseBuilder.php(1613): CodeIgniter\Database\BaseConnection->query('SELECT *\nFROM `...', Array, false)
#4 C:\xampp\htdocs\rdjblog\vendor\codeigniter4\framework\system\Model.php(270): CodeIgniter\Database\BaseBuilder->get()
#5 C:\xampp\htdocs\rdjblog\vendor\codeigniter4\framework\system\BaseModel.php(676): CodeIgniter\Model->doFirst()
#6 C:\xampp\htdocs\rdjblog\app\Helpers\CIFunctions_helper.php(28): CodeIgniter\BaseModel->first()
#7 C:\xampp\htdocs\rdjblog\app\Views\backend\layout\pages-layout.php(7): get_settings()
#8 C:\xampp\htdocs\rdjblog\vendor\codeigniter4\framework\system\View\View.php(228): include('C:\\xampp\\htdocs...')
#9 C:\xampp\htdocs\rdjblog\vendor\codeigniter4\framework\system\View\View.php(231): CodeIgniter\View\View->CodeIgniter\View\{closure}()
#10 C:\xampp\htdocs\rdjblog\vendor\codeigniter4\framework\system\View\View.php(244): CodeIgniter\View\View->render('backend/layout/...', Array, true)
#11 C:\xampp\htdocs\rdjblog\vendor\codeigniter4\framework\system\Common.php(1178): CodeIgniter\View\View->render('backend/pages/c...', Array, true)
#12 C:\xampp\htdocs\rdjblog\app\Controllers\AdminController.php(378): view('backend/pages/c...', Array)
#13 C:\xampp\htdocs\rdjblog\vendor\codeigniter4\framework\system\CodeIgniter.php(941): App\Controllers\AdminController->categories()
#14 C:\xampp\htdocs\rdjblog\vendor\codeigniter4\framework\system\CodeIgniter.php(502): CodeIgniter\CodeIgniter->runController(Object(App\Controllers\AdminController))
#15 C:\xampp\htdocs\rdjblog\vendor\codeigniter4\framework\system\CodeIgniter.php(361): CodeIgniter\CodeIgniter->handleRequest(NULL, Object(Config\Cache), false)
#16 C:\xampp\htdocs\rdjblog\public\index.php(79): CodeIgniter\CodeIgniter->run()
#17 {main}

Next CodeIgniter\Database\Exceptions\DatabaseException: No connection could be made because the target machine actively refused it in C:\xampp\htdocs\rdjblog\vendor\codeigniter4\framework\system\Database\MySQLi\Connection.php:229
Stack trace:
#0 C:\xampp\htdocs\rdjblog\vendor\codeigniter4\framework\system\Database\BaseConnection.php(392): CodeIgniter\Database\MySQLi\Connection->connect(false)
#1 C:\xampp\htdocs\rdjblog\vendor\codeigniter4\framework\system\Database\BaseConnection.php(575): CodeIgniter\Database\BaseConnection->initialize()
#2 C:\xampp\htdocs\rdjblog\vendor\codeigniter4\framework\system\Database\BaseBuilder.php(1613): CodeIgniter\Database\BaseConnection->query('SELECT *\nFROM `...', Array, false)
#3 C:\xampp\htdocs\rdjblog\vendor\codeigniter4\framework\system\Model.php(270): CodeIgniter\Database\BaseBuilder->get()
#4 C:\xampp\htdocs\rdjblog\vendor\codeigniter4\framework\system\BaseModel.php(676): CodeIgniter\Model->doFirst()
#5 C:\xampp\htdocs\rdjblog\app\Helpers\CIFunctions_helper.php(28): CodeIgniter\BaseModel->first()
#6 C:\xampp\htdocs\rdjblog\app\Views\backend\layout\pages-layout.php(7): get_settings()
#7 C:\xampp\htdocs\rdjblog\vendor\codeigniter4\framework\system\View\View.php(228): include('C:\\xampp\\htdocs...')
#8 C:\xampp\htdocs\rdjblog\vendor\codeigniter4\framework\system\View\View.php(231): CodeIgniter\View\View->CodeIgniter\View\{closure}()
#9 C:\xampp\htdocs\rdjblog\vendor\codeigniter4\framework\system\View\View.php(244): CodeIgniter\View\View->render('backend/layout/...', Array, true)
#10 C:\xampp\htdocs\rdjblog\vendor\codeigniter4\framework\system\Common.php(1178): CodeIgniter\View\View->render('backend/pages/c...', Array, true)
#11 C:\xampp\htdocs\rdjblog\app\Controllers\AdminController.php(378): view('backend/pages/c...', Array)
#12 C:\xampp\htdocs\rdjblog\vendor\codeigniter4\framework\system\CodeIgniter.php(941): App\Controllers\AdminController->categories()
#13 C:\xampp\htdocs\rdjblog\vendor\codeigniter4\framework\system\CodeIgniter.php(502): CodeIgniter\CodeIgniter->runController(Object(App\Controllers\AdminController))
#14 C:\xampp\htdocs\rdjblog\vendor\codeigniter4\framework\system\CodeIgniter.php(361): CodeIgniter\CodeIgniter->handleRequest(NULL, Object(Config\Cache), false)
#15 C:\xampp\htdocs\rdjblog\public\index.php(79): CodeIgniter\CodeIgniter->run()
#16 {main}
CRITICAL - 2024-02-26 05:09:52 --> CodeIgniter\Database\Exceptions\DatabaseException: Unable to connect to the database.
Main connection [MySQLi]: No connection could be made because the target machine actively refused it
in SYSTEMPATH\Database\BaseConnection.php on line 428.
 1 SYSTEMPATH\Database\BaseConnection.php(575): CodeIgniter\Database\BaseConnection->initialize()
 2 SYSTEMPATH\Database\BaseBuilder.php(1613): CodeIgniter\Database\BaseConnection->query('SELECT *
FROM `settings`
 LIMIT 1', [], false)
 3 SYSTEMPATH\Model.php(270): CodeIgniter\Database\BaseBuilder->get()
 4 SYSTEMPATH\BaseModel.php(676): CodeIgniter\Model->doFirst()
 5 APPPATH\Helpers\CIFunctions_helper.php(28): CodeIgniter\BaseModel->first()
 6 APPPATH\Views\backend\layout\pages-layout.php(7): get_settings()
 7 SYSTEMPATH\View\View.php(228): include('C:\\xampp\\htdocs\\rdjblog\\app\\Views\\backend\\layout\\pages-layout.php')
 8 SYSTEMPATH\View\View.php(231): CodeIgniter\View\View->CodeIgniter\View\{closure}()
 9 SYSTEMPATH\View\View.php(244): CodeIgniter\View\View->render('backend/layout/pages-layout', [], true)
10 SYSTEMPATH\Common.php(1178): CodeIgniter\View\View->render('backend/pages/categories', [], true)
11 APPPATH\Controllers\AdminController.php(378): view('backend/pages/categories', [...])
12 SYSTEMPATH\CodeIgniter.php(941): App\Controllers\AdminController->categories()
13 SYSTEMPATH\CodeIgniter.php(502): CodeIgniter\CodeIgniter->runController(Object(App\Controllers\AdminController))
14 SYSTEMPATH\CodeIgniter.php(361): CodeIgniter\CodeIgniter->handleRequest(null, Object(Config\Cache), false)
15 FCPATH\index.php(79): CodeIgniter\CodeIgniter->run()
INFO - 2024-02-26 05:09:52 --> Session: Class initialized using 'CodeIgniter\Session\Handlers\FileHandler' driver.
ERROR - 2024-02-26 05:09:56 --> Error connecting to the database: mysqli_sql_exception: No connection could be made because the target machine actively refused it in C:\xampp\htdocs\rdjblog\vendor\codeigniter4\framework\system\Database\MySQLi\Connection.php:184
Stack trace:
#0 C:\xampp\htdocs\rdjblog\vendor\codeigniter4\framework\system\Database\MySQLi\Connection.php(184): mysqli->real_connect('localhost', 'root', Object(SensitiveParameterValue), 'rdjblog', 3307, '', 0)
#1 C:\xampp\htdocs\rdjblog\vendor\codeigniter4\framework\system\Database\BaseConnection.php(392): CodeIgniter\Database\MySQLi\Connection->connect(false)
#2 C:\xampp\htdocs\rdjblog\vendor\codeigniter4\framework\system\Database\BaseConnection.php(575): CodeIgniter\Database\BaseConnection->initialize()
#3 C:\xampp\htdocs\rdjblog\vendor\codeigniter4\framework\system\Database\BaseBuilder.php(1613): CodeIgniter\Database\BaseConnection->query('SELECT *\nFROM `...', Array, false)
#4 C:\xampp\htdocs\rdjblog\vendor\codeigniter4\framework\system\Model.php(270): CodeIgniter\Database\BaseBuilder->get()
#5 C:\xampp\htdocs\rdjblog\vendor\codeigniter4\framework\system\BaseModel.php(676): CodeIgniter\Model->doFirst()
#6 C:\xampp\htdocs\rdjblog\app\Helpers\CIFunctions_helper.php(28): CodeIgniter\BaseModel->first()
#7 C:\xampp\htdocs\rdjblog\app\Views\backend\layout\pages-layout.php(7): get_settings()
#8 C:\xampp\htdocs\rdjblog\vendor\codeigniter4\framework\system\View\View.php(228): include('C:\\xampp\\htdocs...')
#9 C:\xampp\htdocs\rdjblog\vendor\codeigniter4\framework\system\View\View.php(231): CodeIgniter\View\View->CodeIgniter\View\{closure}()
#10 C:\xampp\htdocs\rdjblog\vendor\codeigniter4\framework\system\View\View.php(244): CodeIgniter\View\View->render('backend/layout/...', Array, true)
#11 C:\xampp\htdocs\rdjblog\vendor\codeigniter4\framework\system\Common.php(1178): CodeIgniter\View\View->render('backend/pages/h...', Array, true)
#12 C:\xampp\htdocs\rdjblog\app\Controllers\AdminController.php(37): view('backend/pages/h...', Array)
#13 C:\xampp\htdocs\rdjblog\vendor\codeigniter4\framework\system\CodeIgniter.php(941): App\Controllers\AdminController->index()
#14 C:\xampp\htdocs\rdjblog\vendor\codeigniter4\framework\system\CodeIgniter.php(502): CodeIgniter\CodeIgniter->runController(Object(App\Controllers\AdminController))
#15 C:\xampp\htdocs\rdjblog\vendor\codeigniter4\framework\system\CodeIgniter.php(361): CodeIgniter\CodeIgniter->handleRequest(NULL, Object(Config\Cache), false)
#16 C:\xampp\htdocs\rdjblog\public\index.php(79): CodeIgniter\CodeIgniter->run()
#17 {main}

Next CodeIgniter\Database\Exceptions\DatabaseException: No connection could be made because the target machine actively refused it in C:\xampp\htdocs\rdjblog\vendor\codeigniter4\framework\system\Database\MySQLi\Connection.php:229
Stack trace:
#0 C:\xampp\htdocs\rdjblog\vendor\codeigniter4\framework\system\Database\BaseConnection.php(392): CodeIgniter\Database\MySQLi\Connection->connect(false)
#1 C:\xampp\htdocs\rdjblog\vendor\codeigniter4\framework\system\Database\BaseConnection.php(575): CodeIgniter\Database\BaseConnection->initialize()
#2 C:\xampp\htdocs\rdjblog\vendor\codeigniter4\framework\system\Database\BaseBuilder.php(1613): CodeIgniter\Database\BaseConnection->query('SELECT *\nFROM `...', Array, false)
#3 C:\xampp\htdocs\rdjblog\vendor\codeigniter4\framework\system\Model.php(270): CodeIgniter\Database\BaseBuilder->get()
#4 C:\xampp\htdocs\rdjblog\vendor\codeigniter4\framework\system\BaseModel.php(676): CodeIgniter\Model->doFirst()
#5 C:\xampp\htdocs\rdjblog\app\Helpers\CIFunctions_helper.php(28): CodeIgniter\BaseModel->first()
#6 C:\xampp\htdocs\rdjblog\app\Views\backend\layout\pages-layout.php(7): get_settings()
#7 C:\xampp\htdocs\rdjblog\vendor\codeigniter4\framework\system\View\View.php(228): include('C:\\xampp\\htdocs...')
#8 C:\xampp\htdocs\rdjblog\vendor\codeigniter4\framework\system\View\View.php(231): CodeIgniter\View\View->CodeIgniter\View\{closure}()
#9 C:\xampp\htdocs\rdjblog\vendor\codeigniter4\framework\system\View\View.php(244): CodeIgniter\View\View->render('backend/layout/...', Array, true)
#10 C:\xampp\htdocs\rdjblog\vendor\codeigniter4\framework\system\Common.php(1178): CodeIgniter\View\View->render('backend/pages/h...', Array, true)
#11 C:\xampp\htdocs\rdjblog\app\Controllers\AdminController.php(37): view('backend/pages/h...', Array)
#12 C:\xampp\htdocs\rdjblog\vendor\codeigniter4\framework\system\CodeIgniter.php(941): App\Controllers\AdminController->index()
#13 C:\xampp\htdocs\rdjblog\vendor\codeigniter4\framework\system\CodeIgniter.php(502): CodeIgniter\CodeIgniter->runController(Object(App\Controllers\AdminController))
#14 C:\xampp\htdocs\rdjblog\vendor\codeigniter4\framework\system\CodeIgniter.php(361): CodeIgniter\CodeIgniter->handleRequest(NULL, Object(Config\Cache), false)
#15 C:\xampp\htdocs\rdjblog\public\index.php(79): CodeIgniter\CodeIgniter->run()
#16 {main}
CRITICAL - 2024-02-26 05:09:56 --> CodeIgniter\Database\Exceptions\DatabaseException: Unable to connect to the database.
Main connection [MySQLi]: No connection could be made because the target machine actively refused it
in SYSTEMPATH\Database\BaseConnection.php on line 428.
 1 SYSTEMPATH\Database\BaseConnection.php(575): CodeIgniter\Database\BaseConnection->initialize()
 2 SYSTEMPATH\Database\BaseBuilder.php(1613): CodeIgniter\Database\BaseConnection->query('SELECT *
FROM `settings`
 LIMIT 1', [], false)
 3 SYSTEMPATH\Model.php(270): CodeIgniter\Database\BaseBuilder->get()
 4 SYSTEMPATH\BaseModel.php(676): CodeIgniter\Model->doFirst()
 5 APPPATH\Helpers\CIFunctions_helper.php(28): CodeIgniter\BaseModel->first()
 6 APPPATH\Views\backend\layout\pages-layout.php(7): get_settings()
 7 SYSTEMPATH\View\View.php(228): include('C:\\xampp\\htdocs\\rdjblog\\app\\Views\\backend\\layout\\pages-layout.php')
 8 SYSTEMPATH\View\View.php(231): CodeIgniter\View\View->CodeIgniter\View\{closure}()
 9 SYSTEMPATH\View\View.php(244): CodeIgniter\View\View->render('backend/layout/pages-layout', [], true)
10 SYSTEMPATH\Common.php(1178): CodeIgniter\View\View->render('backend/pages/home', [], true)
11 APPPATH\Controllers\AdminController.php(37): view('backend/pages/home', [...])
12 SYSTEMPATH\CodeIgniter.php(941): App\Controllers\AdminController->index()
13 SYSTEMPATH\CodeIgniter.php(502): CodeIgniter\CodeIgniter->runController(Object(App\Controllers\AdminController))
14 SYSTEMPATH\CodeIgniter.php(361): CodeIgniter\CodeIgniter->handleRequest(null, Object(Config\Cache), false)
15 FCPATH\index.php(79): CodeIgniter\CodeIgniter->run()
INFO - 2024-02-26 05:13:32 --> Session: Class initialized using 'CodeIgniter\Session\Handlers\FileHandler' driver.
ERROR - 2024-02-26 05:13:36 --> Error connecting to the database: mysqli_sql_exception: No connection could be made because the target machine actively refused it in C:\xampp\htdocs\rdjblog\vendor\codeigniter4\framework\system\Database\MySQLi\Connection.php:184
Stack trace:
#0 C:\xampp\htdocs\rdjblog\vendor\codeigniter4\framework\system\Database\MySQLi\Connection.php(184): mysqli->real_connect('localhost', 'root', Object(SensitiveParameterValue), 'rdjblog', 3307, '', 0)
#1 C:\xampp\htdocs\rdjblog\vendor\codeigniter4\framework\system\Database\BaseConnection.php(392): CodeIgniter\Database\MySQLi\Connection->connect(false)
#2 C:\xampp\htdocs\rdjblog\vendor\codeigniter4\framework\system\Database\BaseConnection.php(575): CodeIgniter\Database\BaseConnection->initialize()
#3 C:\xampp\htdocs\rdjblog\vendor\codeigniter4\framework\system\Database\BaseBuilder.php(1613): CodeIgniter\Database\BaseConnection->query('SELECT *\nFROM `...', Array, false)
#4 C:\xampp\htdocs\rdjblog\vendor\codeigniter4\framework\system\Model.php(270): CodeIgniter\Database\BaseBuilder->get()
#5 C:\xampp\htdocs\rdjblog\vendor\codeigniter4\framework\system\BaseModel.php(676): CodeIgniter\Model->doFirst()
#6 C:\xampp\htdocs\rdjblog\app\Helpers\CIFunctions_helper.php(28): CodeIgniter\BaseModel->first()
#7 C:\xampp\htdocs\rdjblog\app\Views\backend\layout\pages-layout.php(7): get_settings()
#8 C:\xampp\htdocs\rdjblog\vendor\codeigniter4\framework\system\View\View.php(228): include('C:\\xampp\\htdocs...')
#9 C:\xampp\htdocs\rdjblog\vendor\codeigniter4\framework\system\View\View.php(231): CodeIgniter\View\View->CodeIgniter\View\{closure}()
#10 C:\xampp\htdocs\rdjblog\vendor\codeigniter4\framework\system\View\View.php(244): CodeIgniter\View\View->render('backend/layout/...', Array, true)
#11 C:\xampp\htdocs\rdjblog\vendor\codeigniter4\framework\system\Common.php(1178): CodeIgniter\View\View->render('backend/pages/h...', Array, true)
#12 C:\xampp\htdocs\rdjblog\app\Controllers\AdminController.php(37): view('backend/pages/h...', Array)
#13 C:\xampp\htdocs\rdjblog\vendor\codeigniter4\framework\system\CodeIgniter.php(941): App\Controllers\AdminController->index()
#14 C:\xampp\htdocs\rdjblog\vendor\codeigniter4\framework\system\CodeIgniter.php(502): CodeIgniter\CodeIgniter->runController(Object(App\Controllers\AdminController))
#15 C:\xampp\htdocs\rdjblog\vendor\codeigniter4\framework\system\CodeIgniter.php(361): CodeIgniter\CodeIgniter->handleRequest(NULL, Object(Config\Cache), false)
#16 C:\xampp\htdocs\rdjblog\public\index.php(79): CodeIgniter\CodeIgniter->run()
#17 {main}

Next CodeIgniter\Database\Exceptions\DatabaseException: No connection could be made because the target machine actively refused it in C:\xampp\htdocs\rdjblog\vendor\codeigniter4\framework\system\Database\MySQLi\Connection.php:229
Stack trace:
#0 C:\xampp\htdocs\rdjblog\vendor\codeigniter4\framework\system\Database\BaseConnection.php(392): CodeIgniter\Database\MySQLi\Connection->connect(false)
#1 C:\xampp\htdocs\rdjblog\vendor\codeigniter4\framework\system\Database\BaseConnection.php(575): CodeIgniter\Database\BaseConnection->initialize()
#2 C:\xampp\htdocs\rdjblog\vendor\codeigniter4\framework\system\Database\BaseBuilder.php(1613): CodeIgniter\Database\BaseConnection->query('SELECT *\nFROM `...', Array, false)
#3 C:\xampp\htdocs\rdjblog\vendor\codeigniter4\framework\system\Model.php(270): CodeIgniter\Database\BaseBuilder->get()
#4 C:\xampp\htdocs\rdjblog\vendor\codeigniter4\framework\system\BaseModel.php(676): CodeIgniter\Model->doFirst()
#5 C:\xampp\htdocs\rdjblog\app\Helpers\CIFunctions_helper.php(28): CodeIgniter\BaseModel->first()
#6 C:\xampp\htdocs\rdjblog\app\Views\backend\layout\pages-layout.php(7): get_settings()
#7 C:\xampp\htdocs\rdjblog\vendor\codeigniter4\framework\system\View\View.php(228): include('C:\\xampp\\htdocs...')
#8 C:\xampp\htdocs\rdjblog\vendor\codeigniter4\framework\system\View\View.php(231): CodeIgniter\View\View->CodeIgniter\View\{closure}()
#9 C:\xampp\htdocs\rdjblog\vendor\codeigniter4\framework\system\View\View.php(244): CodeIgniter\View\View->render('backend/layout/...', Array, true)
#10 C:\xampp\htdocs\rdjblog\vendor\codeigniter4\framework\system\Common.php(1178): CodeIgniter\View\View->render('backend/pages/h...', Array, true)
#11 C:\xampp\htdocs\rdjblog\app\Controllers\AdminController.php(37): view('backend/pages/h...', Array)
#12 C:\xampp\htdocs\rdjblog\vendor\codeigniter4\framework\system\CodeIgniter.php(941): App\Controllers\AdminController->index()
#13 C:\xampp\htdocs\rdjblog\vendor\codeigniter4\framework\system\CodeIgniter.php(502): CodeIgniter\CodeIgniter->runController(Object(App\Controllers\AdminController))
#14 C:\xampp\htdocs\rdjblog\vendor\codeigniter4\framework\system\CodeIgniter.php(361): CodeIgniter\CodeIgniter->handleRequest(NULL, Object(Config\Cache), false)
#15 C:\xampp\htdocs\rdjblog\public\index.php(79): CodeIgniter\CodeIgniter->run()
#16 {main}
CRITICAL - 2024-02-26 05:13:36 --> CodeIgniter\Database\Exceptions\DatabaseException: Unable to connect to the database.
Main connection [MySQLi]: No connection could be made because the target machine actively refused it
in SYSTEMPATH\Database\BaseConnection.php on line 428.
 1 SYSTEMPATH\Database\BaseConnection.php(575): CodeIgniter\Database\BaseConnection->initialize()
 2 SYSTEMPATH\Database\BaseBuilder.php(1613): CodeIgniter\Database\BaseConnection->query('SELECT *
FROM `settings`
 LIMIT 1', [], false)
 3 SYSTEMPATH\Model.php(270): CodeIgniter\Database\BaseBuilder->get()
 4 SYSTEMPATH\BaseModel.php(676): CodeIgniter\Model->doFirst()
 5 APPPATH\Helpers\CIFunctions_helper.php(28): CodeIgniter\BaseModel->first()
 6 APPPATH\Views\backend\layout\pages-layout.php(7): get_settings()
 7 SYSTEMPATH\View\View.php(228): include('C:\\xampp\\htdocs\\rdjblog\\app\\Views\\backend\\layout\\pages-layout.php')
 8 SYSTEMPATH\View\View.php(231): CodeIgniter\View\View->CodeIgniter\View\{closure}()
 9 SYSTEMPATH\View\View.php(244): CodeIgniter\View\View->render('backend/layout/pages-layout', [], true)
10 SYSTEMPATH\Common.php(1178): CodeIgniter\View\View->render('backend/pages/home', [], true)
11 APPPATH\Controllers\AdminController.php(37): view('backend/pages/home', [...])
12 SYSTEMPATH\CodeIgniter.php(941): App\Controllers\AdminController->index()
13 SYSTEMPATH\CodeIgniter.php(502): CodeIgniter\CodeIgniter->runController(Object(App\Controllers\AdminController))
14 SYSTEMPATH\CodeIgniter.php(361): CodeIgniter\CodeIgniter->handleRequest(null, Object(Config\Cache), false)
15 FCPATH\index.php(79): CodeIgniter\CodeIgniter->run()
INFO - 2024-02-26 05:13:42 --> Session: Class initialized using 'CodeIgniter\Session\Handlers\FileHandler' driver.
ERROR - 2024-02-26 05:13:46 --> Error connecting to the database: mysqli_sql_exception: No connection could be made because the target machine actively refused it in C:\xampp\htdocs\rdjblog\vendor\codeigniter4\framework\system\Database\MySQLi\Connection.php:184
Stack trace:
#0 C:\xampp\htdocs\rdjblog\vendor\codeigniter4\framework\system\Database\MySQLi\Connection.php(184): mysqli->real_connect('localhost', 'root', Object(SensitiveParameterValue), 'rdjblog', 3307, '', 0)
#1 C:\xampp\htdocs\rdjblog\vendor\codeigniter4\framework\system\Database\BaseConnection.php(392): CodeIgniter\Database\MySQLi\Connection->connect(false)
#2 C:\xampp\htdocs\rdjblog\vendor\codeigniter4\framework\system\Database\BaseConnection.php(575): CodeIgniter\Database\BaseConnection->initialize()
#3 C:\xampp\htdocs\rdjblog\vendor\codeigniter4\framework\system\Database\BaseBuilder.php(1613): CodeIgniter\Database\BaseConnection->query('SELECT *\nFROM `...', Array, false)
#4 C:\xampp\htdocs\rdjblog\vendor\codeigniter4\framework\system\Model.php(270): CodeIgniter\Database\BaseBuilder->get()
#5 C:\xampp\htdocs\rdjblog\vendor\codeigniter4\framework\system\BaseModel.php(676): CodeIgniter\Model->doFirst()
#6 C:\xampp\htdocs\rdjblog\app\Helpers\CIFunctions_helper.php(28): CodeIgniter\BaseModel->first()
#7 C:\xampp\htdocs\rdjblog\app\Views\backend\layout\pages-layout.php(7): get_settings()
#8 C:\xampp\htdocs\rdjblog\vendor\codeigniter4\framework\system\View\View.php(228): include('C:\\xampp\\htdocs...')
#9 C:\xampp\htdocs\rdjblog\vendor\codeigniter4\framework\system\View\View.php(231): CodeIgniter\View\View->CodeIgniter\View\{closure}()
#10 C:\xampp\htdocs\rdjblog\vendor\codeigniter4\framework\system\View\View.php(244): CodeIgniter\View\View->render('backend/layout/...', Array, true)
#11 C:\xampp\htdocs\rdjblog\vendor\codeigniter4\framework\system\Common.php(1178): CodeIgniter\View\View->render('backend/pages/h...', Array, true)
#12 C:\xampp\htdocs\rdjblog\app\Controllers\AdminController.php(37): view('backend/pages/h...', Array)
#13 C:\xampp\htdocs\rdjblog\vendor\codeigniter4\framework\system\CodeIgniter.php(941): App\Controllers\AdminController->index()
#14 C:\xampp\htdocs\rdjblog\vendor\codeigniter4\framework\system\CodeIgniter.php(502): CodeIgniter\CodeIgniter->runController(Object(App\Controllers\AdminController))
#15 C:\xampp\htdocs\rdjblog\vendor\codeigniter4\framework\system\CodeIgniter.php(361): CodeIgniter\CodeIgniter->handleRequest(NULL, Object(Config\Cache), false)
#16 C:\xampp\htdocs\rdjblog\public\index.php(79): CodeIgniter\CodeIgniter->run()
#17 {main}

Next CodeIgniter\Database\Exceptions\DatabaseException: No connection could be made because the target machine actively refused it in C:\xampp\htdocs\rdjblog\vendor\codeigniter4\framework\system\Database\MySQLi\Connection.php:229
Stack trace:
#0 C:\xampp\htdocs\rdjblog\vendor\codeigniter4\framework\system\Database\BaseConnection.php(392): CodeIgniter\Database\MySQLi\Connection->connect(false)
#1 C:\xampp\htdocs\rdjblog\vendor\codeigniter4\framework\system\Database\BaseConnection.php(575): CodeIgniter\Database\BaseConnection->initialize()
#2 C:\xampp\htdocs\rdjblog\vendor\codeigniter4\framework\system\Database\BaseBuilder.php(1613): CodeIgniter\Database\BaseConnection->query('SELECT *\nFROM `...', Array, false)
#3 C:\xampp\htdocs\rdjblog\vendor\codeigniter4\framework\system\Model.php(270): CodeIgniter\Database\BaseBuilder->get()
#4 C:\xampp\htdocs\rdjblog\vendor\codeigniter4\framework\system\BaseModel.php(676): CodeIgniter\Model->doFirst()
#5 C:\xampp\htdocs\rdjblog\app\Helpers\CIFunctions_helper.php(28): CodeIgniter\BaseModel->first()
#6 C:\xampp\htdocs\rdjblog\app\Views\backend\layout\pages-layout.php(7): get_settings()
#7 C:\xampp\htdocs\rdjblog\vendor\codeigniter4\framework\system\View\View.php(228): include('C:\\xampp\\htdocs...')
#8 C:\xampp\htdocs\rdjblog\vendor\codeigniter4\framework\system\View\View.php(231): CodeIgniter\View\View->CodeIgniter\View\{closure}()
#9 C:\xampp\htdocs\rdjblog\vendor\codeigniter4\framework\system\View\View.php(244): CodeIgniter\View\View->render('backend/layout/...', Array, true)
#10 C:\xampp\htdocs\rdjblog\vendor\codeigniter4\framework\system\Common.php(1178): CodeIgniter\View\View->render('backend/pages/h...', Array, true)
#11 C:\xampp\htdocs\rdjblog\app\Controllers\AdminController.php(37): view('backend/pages/h...', Array)
#12 C:\xampp\htdocs\rdjblog\vendor\codeigniter4\framework\system\CodeIgniter.php(941): App\Controllers\AdminController->index()
#13 C:\xampp\htdocs\rdjblog\vendor\codeigniter4\framework\system\CodeIgniter.php(502): CodeIgniter\CodeIgniter->runController(Object(App\Controllers\AdminController))
#14 C:\xampp\htdocs\rdjblog\vendor\codeigniter4\framework\system\CodeIgniter.php(361): CodeIgniter\CodeIgniter->handleRequest(NULL, Object(Config\Cache), false)
#15 C:\xampp\htdocs\rdjblog\public\index.php(79): CodeIgniter\CodeIgniter->run()
#16 {main}
CRITICAL - 2024-02-26 05:13:46 --> CodeIgniter\Database\Exceptions\DatabaseException: Unable to connect to the database.
Main connection [MySQLi]: No connection could be made because the target machine actively refused it
in SYSTEMPATH\Database\BaseConnection.php on line 428.
 1 SYSTEMPATH\Database\BaseConnection.php(575): CodeIgniter\Database\BaseConnection->initialize()
 2 SYSTEMPATH\Database\BaseBuilder.php(1613): CodeIgniter\Database\BaseConnection->query('SELECT *
FROM `settings`
 LIMIT 1', [], false)
 3 SYSTEMPATH\Model.php(270): CodeIgniter\Database\BaseBuilder->get()
 4 SYSTEMPATH\BaseModel.php(676): CodeIgniter\Model->doFirst()
 5 APPPATH\Helpers\CIFunctions_helper.php(28): CodeIgniter\BaseModel->first()
 6 APPPATH\Views\backend\layout\pages-layout.php(7): get_settings()
 7 SYSTEMPATH\View\View.php(228): include('C:\\xampp\\htdocs\\rdjblog\\app\\Views\\backend\\layout\\pages-layout.php')
 8 SYSTEMPATH\View\View.php(231): CodeIgniter\View\View->CodeIgniter\View\{closure}()
 9 SYSTEMPATH\View\View.php(244): CodeIgniter\View\View->render('backend/layout/pages-layout', [], true)
10 SYSTEMPATH\Common.php(1178): CodeIgniter\View\View->render('backend/pages/home', [], true)
11 APPPATH\Controllers\AdminController.php(37): view('backend/pages/home', [...])
12 SYSTEMPATH\CodeIgniter.php(941): App\Controllers\AdminController->index()
13 SYSTEMPATH\CodeIgniter.php(502): CodeIgniter\CodeIgniter->runController(Object(App\Controllers\AdminController))
14 SYSTEMPATH\CodeIgniter.php(361): CodeIgniter\CodeIgniter->handleRequest(null, Object(Config\Cache), false)
15 FCPATH\index.php(79): CodeIgniter\CodeIgniter->run()
INFO - 2024-02-26 05:13:48 --> Session: Class initialized using 'CodeIgniter\Session\Handlers\FileHandler' driver.
ERROR - 2024-02-26 05:13:52 --> Error connecting to the database: mysqli_sql_exception: No connection could be made because the target machine actively refused it in C:\xampp\htdocs\rdjblog\vendor\codeigniter4\framework\system\Database\MySQLi\Connection.php:184
Stack trace:
#0 C:\xampp\htdocs\rdjblog\vendor\codeigniter4\framework\system\Database\MySQLi\Connection.php(184): mysqli->real_connect('localhost', 'root', Object(SensitiveParameterValue), 'rdjblog', 3307, '', 0)
#1 C:\xampp\htdocs\rdjblog\vendor\codeigniter4\framework\system\Database\BaseConnection.php(392): CodeIgniter\Database\MySQLi\Connection->connect(false)
#2 C:\xampp\htdocs\rdjblog\vendor\codeigniter4\framework\system\Database\BaseConnection.php(575): CodeIgniter\Database\BaseConnection->initialize()
#3 C:\xampp\htdocs\rdjblog\vendor\codeigniter4\framework\system\Database\BaseBuilder.php(1613): CodeIgniter\Database\BaseConnection->query('SELECT *\nFROM `...', Array, false)
#4 C:\xampp\htdocs\rdjblog\vendor\codeigniter4\framework\system\Model.php(270): CodeIgniter\Database\BaseBuilder->get()
#5 C:\xampp\htdocs\rdjblog\vendor\codeigniter4\framework\system\BaseModel.php(676): CodeIgniter\Model->doFirst()
#6 C:\xampp\htdocs\rdjblog\app\Helpers\CIFunctions_helper.php(28): CodeIgniter\BaseModel->first()
#7 C:\xampp\htdocs\rdjblog\app\Views\backend\layout\pages-layout.php(7): get_settings()
#8 C:\xampp\htdocs\rdjblog\vendor\codeigniter4\framework\system\View\View.php(228): include('C:\\xampp\\htdocs...')
#9 C:\xampp\htdocs\rdjblog\vendor\codeigniter4\framework\system\View\View.php(231): CodeIgniter\View\View->CodeIgniter\View\{closure}()
#10 C:\xampp\htdocs\rdjblog\vendor\codeigniter4\framework\system\View\View.php(244): CodeIgniter\View\View->render('backend/layout/...', Array, true)
#11 C:\xampp\htdocs\rdjblog\vendor\codeigniter4\framework\system\Common.php(1178): CodeIgniter\View\View->render('backend/pages/h...', Array, true)
#12 C:\xampp\htdocs\rdjblog\app\Controllers\AdminController.php(37): view('backend/pages/h...', Array)
#13 C:\xampp\htdocs\rdjblog\vendor\codeigniter4\framework\system\CodeIgniter.php(941): App\Controllers\AdminController->index()
#14 C:\xampp\htdocs\rdjblog\vendor\codeigniter4\framework\system\CodeIgniter.php(502): CodeIgniter\CodeIgniter->runController(Object(App\Controllers\AdminController))
#15 C:\xampp\htdocs\rdjblog\vendor\codeigniter4\framework\system\CodeIgniter.php(361): CodeIgniter\CodeIgniter->handleRequest(NULL, Object(Config\Cache), false)
#16 C:\xampp\htdocs\rdjblog\public\index.php(79): CodeIgniter\CodeIgniter->run()
#17 {main}

Next CodeIgniter\Database\Exceptions\DatabaseException: No connection could be made because the target machine actively refused it in C:\xampp\htdocs\rdjblog\vendor\codeigniter4\framework\system\Database\MySQLi\Connection.php:229
Stack trace:
#0 C:\xampp\htdocs\rdjblog\vendor\codeigniter4\framework\system\Database\BaseConnection.php(392): CodeIgniter\Database\MySQLi\Connection->connect(false)
#1 C:\xampp\htdocs\rdjblog\vendor\codeigniter4\framework\system\Database\BaseConnection.php(575): CodeIgniter\Database\BaseConnection->initialize()
#2 C:\xampp\htdocs\rdjblog\vendor\codeigniter4\framework\system\Database\BaseBuilder.php(1613): CodeIgniter\Database\BaseConnection->query('SELECT *\nFROM `...', Array, false)
#3 C:\xampp\htdocs\rdjblog\vendor\codeigniter4\framework\system\Model.php(270): CodeIgniter\Database\BaseBuilder->get()
#4 C:\xampp\htdocs\rdjblog\vendor\codeigniter4\framework\system\BaseModel.php(676): CodeIgniter\Model->doFirst()
#5 C:\xampp\htdocs\rdjblog\app\Helpers\CIFunctions_helper.php(28): CodeIgniter\BaseModel->first()
#6 C:\xampp\htdocs\rdjblog\app\Views\backend\layout\pages-layout.php(7): get_settings()
#7 C:\xampp\htdocs\rdjblog\vendor\codeigniter4\framework\system\View\View.php(228): include('C:\\xampp\\htdocs...')
#8 C:\xampp\htdocs\rdjblog\vendor\codeigniter4\framework\system\View\View.php(231): CodeIgniter\View\View->CodeIgniter\View\{closure}()
#9 C:\xampp\htdocs\rdjblog\vendor\codeigniter4\framework\system\View\View.php(244): CodeIgniter\View\View->render('backend/layout/...', Array, true)
#10 C:\xampp\htdocs\rdjblog\vendor\codeigniter4\framework\system\Common.php(1178): CodeIgniter\View\View->render('backend/pages/h...', Array, true)
#11 C:\xampp\htdocs\rdjblog\app\Controllers\AdminController.php(37): view('backend/pages/h...', Array)
#12 C:\xampp\htdocs\rdjblog\vendor\codeigniter4\framework\system\CodeIgniter.php(941): App\Controllers\AdminController->index()
#13 C:\xampp\htdocs\rdjblog\vendor\codeigniter4\framework\system\CodeIgniter.php(502): CodeIgniter\CodeIgniter->runController(Object(App\Controllers\AdminController))
#14 C:\xampp\htdocs\rdjblog\vendor\codeigniter4\framework\system\CodeIgniter.php(361): CodeIgniter\CodeIgniter->handleRequest(NULL, Object(Config\Cache), false)
#15 C:\xampp\htdocs\rdjblog\public\index.php(79): CodeIgniter\CodeIgniter->run()
#16 {main}
CRITICAL - 2024-02-26 05:13:52 --> CodeIgniter\Database\Exceptions\DatabaseException: Unable to connect to the database.
Main connection [MySQLi]: No connection could be made because the target machine actively refused it
in SYSTEMPATH\Database\BaseConnection.php on line 428.
 1 SYSTEMPATH\Database\BaseConnection.php(575): CodeIgniter\Database\BaseConnection->initialize()
 2 SYSTEMPATH\Database\BaseBuilder.php(1613): CodeIgniter\Database\BaseConnection->query('SELECT *
FROM `settings`
 LIMIT 1', [], false)
 3 SYSTEMPATH\Model.php(270): CodeIgniter\Database\BaseBuilder->get()
 4 SYSTEMPATH\BaseModel.php(676): CodeIgniter\Model->doFirst()
 5 APPPATH\Helpers\CIFunctions_helper.php(28): CodeIgniter\BaseModel->first()
 6 APPPATH\Views\backend\layout\pages-layout.php(7): get_settings()
 7 SYSTEMPATH\View\View.php(228): include('C:\\xampp\\htdocs\\rdjblog\\app\\Views\\backend\\layout\\pages-layout.php')
 8 SYSTEMPATH\View\View.php(231): CodeIgniter\View\View->CodeIgniter\View\{closure}()
 9 SYSTEMPATH\View\View.php(244): CodeIgniter\View\View->render('backend/layout/pages-layout', [], true)
10 SYSTEMPATH\Common.php(1178): CodeIgniter\View\View->render('backend/pages/home', [], true)
11 APPPATH\Controllers\AdminController.php(37): view('backend/pages/home', [...])
12 SYSTEMPATH\CodeIgniter.php(941): App\Controllers\AdminController->index()
13 SYSTEMPATH\CodeIgniter.php(502): CodeIgniter\CodeIgniter->runController(Object(App\Controllers\AdminController))
14 SYSTEMPATH\CodeIgniter.php(361): CodeIgniter\CodeIgniter->handleRequest(null, Object(Config\Cache), false)
15 FCPATH\index.php(79): CodeIgniter\CodeIgniter->run()
INFO - 2024-02-26 05:14:38 --> Session: Class initialized using 'CodeIgniter\Session\Handlers\FileHandler' driver.
INFO - 2024-02-26 05:14:39 --> Session: Class initialized using 'CodeIgniter\Session\Handlers\FileHandler' driver.
INFO - 2024-02-26 05:14:47 --> Session: Class initialized using 'CodeIgniter\Session\Handlers\FileHandler' driver.
INFO - 2024-02-26 05:14:47 --> Session: Class initialized using 'CodeIgniter\Session\Handlers\FileHandler' driver.
INFO - 2024-02-26 05:14:47 --> Session: Class initialized using 'CodeIgniter\Session\Handlers\FileHandler' driver.
INFO - 2024-02-26 05:14:56 --> Session: Class initialized using 'CodeIgniter\Session\Handlers\FileHandler' driver.
INFO - 2024-02-26 05:14:57 --> Session: Class initialized using 'CodeIgniter\Session\Handlers\FileHandler' driver.
INFO - 2024-02-26 05:14:57 --> Session: Class initialized using 'CodeIgniter\Session\Handlers\FileHandler' driver.
INFO - 2024-02-26 05:14:57 --> Session: Class initialized using 'CodeIgniter\Session\Handlers\FileHandler' driver.
INFO - 2024-02-26 05:20:23 --> Session: Class initialized using 'CodeIgniter\Session\Handlers\FileHandler' driver.
INFO - 2024-02-26 05:28:12 --> Session: Class initialized using 'CodeIgniter\Session\Handlers\FileHandler' driver.
INFO - 2024-02-26 05:28:13 --> Session: Class initialized using 'CodeIgniter\Session\Handlers\FileHandler' driver.
INFO - 2024-02-26 05:28:13 --> Session: Class initialized using 'CodeIgniter\Session\Handlers\FileHandler' driver.
